<?xml version="1.0" encoding="UTF-8"?>
<Site BuildName="Linux-clang++"
	BuildStamp="20241026-0034-Experimental"
	Name="penguin"
	Generator="ctest-3.25.1"
	CompilerName="/usr/bin/clang++"
	CompilerVersion="14.0.6"
	OSName="Linux"
	Hostname="penguin"
	OSRelease="6.6.46-04024-g9e7e147b4900"
	OSVersion="#1 SMP PREEMPT_DYNAMIC Thu, 3 Oct 2024 12:57:30 +0000"
	OSPlatform="x86_64"
	Is64Bits="1"
	VendorString="GenuineIntel"
	VendorID="Intel Corporation"
	FamilyID="6"
	ModelID="122"
	ProcessorCacheSize="4096"
	NumberOfLogicalCPU="2"
	NumberOfPhysicalCPU="2"
	TotalVirtualMemory="0"
	TotalPhysicalMemory="2747"
	LogicalProcessorsPerPhysical="1"
	ProcessorClockFrequency="1094.4"
	>
	<Testing>
		<StartDateTime>Oct 25 23:47 PDT</StartDateTime>
		<StartTestTime>1729925237</StartTestTime>
		<TestList/>
		<EndDateTime>Oct 25 23:47 PDT</EndDateTime>
		<EndTestTime>1729925237</EndTestTime>
		<ElapsedMinutes>0</ElapsedMinutes>
	</Testing>
</Site>
